# JRE version: Java(TM) SE Runtime Environment (8.0_281-b09) (build 1.8.0_281-b09)
# Java VM: Java HotSpot(TM) 64-Bit Server VM (25.281-b09 mixed mode windows-amd64 compressed oops)
Heap:
 PSYoungGen      total 151040K, used 50709K [0x00000000eb000000, 0x00000000f7c00000, 0x0000000100000000)
  eden space 136192K, 37% used [0x00000000eb000000,0x00000000ee1856a0,0x00000000f3500000)
  from space 14848K, 0% used [0x00000000f3500000,0x00000000f3500000,0x00000000f4380000)
  to   space 14848K, 0% used [0x00000000f6d80000,0x00000000f6d80000,0x00000000f7c00000)
 ParOldGen       total 74752K, used 26141K [0x00000000c1000000, 0x00000000c5900000, 0x00000000eb000000)
  object space 74752K, 34% used [0x00000000c1000000,0x00000000c2987608,0x00000000c5900000)
 Metaspace       used 60868K, capacity 64986K, committed 65112K, reserved 1105920K
  class space    used 8340K, capacity 9029K, committed 9088K, reserved 1048576K
GC Heap History (10 events):
Event: 12.480 GC heap before
{Heap before GC invocations=10 (full 1):
 PSYoungGen      total 112640K, used 108232K [0x00000000eb000000, 0x00000000f3f00000, 0x0000000100000000)
  eden space 104448K, 95% used [0x00000000eb000000,0x00000000f11b8318,0x00000000f1600000)
  from space 8192K, 99% used [0x00000000f3700000,0x00000000f3ef9d70,0x00000000f3f00000)
  to   space 9216K, 0% used [0x00000000f2d00000,0x00000000f2d00000,0x00000000f3600000)
 ParOldGen       total 34816K, used 9218K [0x00000000c1000000, 0x00000000c3200000, 0x00000000eb000000)
  object space 34816K, 26% used [0x00000000c1000000,0x00000000c1900a88,0x00000000c3200000)
 Metaspace       used 33598K, capacity 35348K, committed 35456K, reserved 1079296K
  class space    used 4338K, capacity 4678K, committed 4736K, reserved 1048576K
Event: 12.501 GC heap after
Heap after GC invocations=10 (full 1):
 PSYoungGen      total 137216K, used 9209K [0x00000000eb000000, 0x00000000f4e80000, 0x0000000100000000)
  eden space 128000K, 0% used [0x00000000eb000000,0x00000000eb000000,0x00000000f2d00000)
  from space 9216K, 99% used [0x00000000f2d00000,0x00000000f35fe520,0x00000000f3600000)
  to   space 11264K, 0% used [0x00000000f4380000,0x00000000f4380000,0x00000000f4e80000)
 ParOldGen       total 34816K, used 11416K [0x00000000c1000000, 0x00000000c3200000, 0x00000000eb000000)
  object space 34816K, 32% used [0x00000000c1000000,0x00000000c1b261d8,0x00000000c3200000)
 Metaspace       used 33598K, capacity 35348K, committed 35456K, reserved 1079296K
  class space    used 4338K, capacity 4678K, committed 4736K, reserved 1048576K
}
Event: 12.501 GC heap before
{Heap before GC invocations=11 (full 2):
 PSYoungGen      total 137216K, used 9209K [0x00000000eb000000, 0x00000000f4e80000, 0x0000000100000000)
  eden space 128000K, 0% used [0x00000000eb000000,0x00000000eb000000,0x00000000f2d00000)
  from space 9216K, 99% used [0x00000000f2d00000,0x00000000f35fe520,0x00000000f3600000)
  to   space 11264K, 0% used [0x00000000f4380000,0x00000000f4380000,0x00000000f4e80000)
 ParOldGen       total 34816K, used 11416K [0x00000000c1000000, 0x00000000c3200000, 0x00000000eb000000)
  object space 34816K, 32% used [0x00000000c1000000,0x00000000c1b261d8,0x00000000c3200000)
 Metaspace       used 33598K, capacity 35348K, committed 35456K, reserved 1079296K
  class space    used 4338K, capacity 4678K, committed 4736K, reserved 1048576K
Event: 12.568 GC heap after
Heap after GC invocations=11 (full 2):
 PSYoungGen      total 137216K, used 0K [0x00000000eb000000, 0x00000000f4e80000, 0x0000000100000000)
  eden space 128000K, 0% used [0x00000000eb000000,0x00000000eb000000,0x00000000f2d00000)
  from space 9216K, 0% used [0x00000000f2d00000,0x00000000f2d00000,0x00000000f3600000)
  to   space 11264K, 0% used [0x00000000f4380000,0x00000000f4380000,0x00000000f4e80000)
 ParOldGen       total 52224K, used 16783K [0x00000000c1000000, 0x00000000c4300000, 0x00000000eb000000)
  object space 52224K, 32% used [0x00000000c1000000,0x00000000c2063c98,0x00000000c4300000)
 Metaspace       used 33598K, capacity 35348K, committed 35456K, reserved 1079296K
  class space    used 4338K, capacity 4678K, committed 4736K, reserved 1048576K
}
Event: 18.949 GC heap before
{Heap before GC invocations=12 (full 2):
 PSYoungGen      total 137216K, used 128000K [0x00000000eb000000, 0x00000000f4e80000, 0x0000000100000000)
  eden space 128000K, 100% used [0x00000000eb000000,0x00000000f2d00000,0x00000000f2d00000)
  from space 9216K, 0% used [0x00000000f2d00000,0x00000000f2d00000,0x00000000f3600000)
  to   space 11264K, 0% used [0x00000000f4380000,0x00000000f4380000,0x00000000f4e80000)
 ParOldGen       total 52224K, used 16783K [0x00000000c1000000, 0x00000000c4300000, 0x00000000eb000000)
  object space 52224K, 32% used [0x00000000c1000000,0x00000000c2063c98,0x00000000c4300000)
 Metaspace       used 48951K, capacity 51228K, committed 51456K, reserved 1093632K
  class space    used 6626K, capacity 7058K, committed 7168K, reserved 1048576K
Event: 18.977 GC heap after
Heap after GC invocations=12 (full 2):
 PSYoungGen      total 147456K, used 11246K [0x00000000eb000000, 0x00000000f7380000, 0x0000000100000000)
  eden space 136192K, 0% used [0x00000000eb000000,0x00000000eb000000,0x00000000f3500000)
  from space 11264K, 99% used [0x00000000f4380000,0x00000000f4e7b9c0,0x00000000f4e80000)
  to   space 14848K, 0% used [0x00000000f3500000,0x00000000f3500000,0x00000000f4380000)
 ParOldGen       total 52224K, used 22339K [0x00000000c1000000, 0x00000000c4300000, 0x00000000eb000000)
  object space 52224K, 42% used [0x00000000c1000000,0x00000000c25d0c70,0x00000000c4300000)
 Metaspace       used 48951K, capacity 51228K, committed 51456K, reserved 1093632K
  class space    used 6626K, capacity 7058K, committed 7168K, reserved 1048576K
}
Event: 21.567 GC heap before
{Heap before GC invocations=13 (full 2):
 PSYoungGen      total 147456K, used 99697K [0x00000000eb000000, 0x00000000f7380000, 0x0000000100000000)
  eden space 136192K, 64% used [0x00000000eb000000,0x00000000f0660bd8,0x00000000f3500000)
  from space 11264K, 99% used [0x00000000f4380000,0x00000000f4e7b9c0,0x00000000f4e80000)
  to   space 14848K, 0% used [0x00000000f3500000,0x00000000f3500000,0x00000000f4380000)
 ParOldGen       total 52224K, used 22339K [0x00000000c1000000, 0x00000000c4300000, 0x00000000eb000000)
  object space 52224K, 42% used [0x00000000c1000000,0x00000000c25d0c70,0x00000000c4300000)
 Metaspace       used 55832K, capacity 59006K, committed 59096K, reserved 1099776K
  class space    used 7565K, capacity 8105K, committed 8192K, reserved 1048576K
Event: 21.589 GC heap after
Heap after GC invocations=13 (full 2):
 PSYoungGen      total 151040K, used 9768K [0x00000000eb000000, 0x00000000f7c00000, 0x0000000100000000)
  eden space 136192K, 0% used [0x00000000eb000000,0x00000000eb000000,0x00000000f3500000)
  from space 14848K, 65% used [0x00000000f3500000,0x00000000f3e8a2a0,0x00000000f4380000)
  to   space 14848K, 0% used [0x00000000f6d80000,0x00000000f6d80000,0x00000000f7c00000)
 ParOldGen       total 52224K, used 27992K [0x00000000c1000000, 0x00000000c4300000, 0x00000000eb000000)
  object space 52224K, 53% used [0x00000000c1000000,0x00000000c2b562c0,0x00000000c4300000)
 Metaspace       used 55832K, capacity 59006K, committed 59096K, reserved 1099776K
  class space    used 7565K, capacity 8105K, committed 8192K, reserved 1048576K
}
Event: 21.589 GC heap before
{Heap before GC invocations=14 (full 3):
 PSYoungGen      total 151040K, used 9768K [0x00000000eb000000, 0x00000000f7c00000, 0x0000000100000000)
  eden space 136192K, 0% used [0x00000000eb000000,0x00000000eb000000,0x00000000f3500000)
  from space 14848K, 65% used [0x00000000f3500000,0x00000000f3e8a2a0,0x00000000f4380000)
  to   space 14848K, 0% used [0x00000000f6d80000,0x00000000f6d80000,0x00000000f7c00000)
 ParOldGen       total 52224K, used 27992K [0x00000000c1000000, 0x00000000c4300000, 0x00000000eb000000)
  object space 52224K, 53% used [0x00000000c1000000,0x00000000c2b562c0,0x00000000c4300000)
 Metaspace       used 55832K, capacity 59006K, committed 59096K, reserved 1099776K
  class space    used 7565K, capacity 8105K, committed 8192K, reserved 1048576K
Event: 21.800 GC heap after
Heap after GC invocations=14 (full 3):
 PSYoungGen      total 151040K, used 0K [0x00000000eb000000, 0x00000000f7c00000, 0x0000000100000000)
  eden space 136192K, 0% used [0x00000000eb000000,0x00000000eb000000,0x00000000f3500000)
  from space 14848K, 0% used [0x00000000f3500000,0x00000000f3500000,0x00000000f4380000)
  to   space 14848K, 0% used [0x00000000f6d80000,0x00000000f6d80000,0x00000000f7c00000)
 ParOldGen       total 74752K, used 26141K [0x00000000c1000000, 0x00000000c5900000, 0x00000000eb000000)
  object space 74752K, 34% used [0x00000000c1000000,0x00000000c2987608,0x00000000c5900000)
 Metaspace       used 55832K, capacity 59006K, committed 59096K, reserved 1099776K
  class space    used 7565K, capacity 8105K, committed 8192K, reserved 1048576K
}

